[debug] [2021-07-14T17:21:29.000Z] ----------------------------------------------------------------------
[debug] [2021-07-14T17:21:29.002Z] Command:       D:\web development\node.js for SASS\NODEJS\node.exe C:\Users\HARSH\AppData\Roaming\npm\node_modules\firebase-tools\lib\bin\firebase.js deploy
[debug] [2021-07-14T17:21:29.002Z] CLI Version:   9.16.0
[debug] [2021-07-14T17:21:29.002Z] Platform:      win32
[debug] [2021-07-14T17:21:29.002Z] Node Version:  v14.17.0
[debug] [2021-07-14T17:21:29.004Z] Time:          Wed Jul 14 2021 22:51:29 GMT+0530 (India Standard Time)
[debug] [2021-07-14T17:21:29.004Z] ----------------------------------------------------------------------
[debug] 
[debug] [2021-07-14T17:21:29.056Z] > command requires scopes: ["email","openid","https://www.googleapis.com/auth/cloudplatformprojects.readonly","https://www.googleapis.com/auth/firebase","https://www.googleapis.com/auth/cloud-platform"]
[debug] [2021-07-14T17:21:29.056Z] > authorizing via signed-in user (harshsharmalappy@gmail.com)
[debug] [2021-07-14T17:21:29.056Z] [iam] checking project todo-app-ea022 for permissions ["firebase.projects.get","firebasehosting.sites.update"]
[debug] [2021-07-14T17:21:29.058Z] > refreshing access token with scopes: ["email","https://www.googleapis.com/auth/cloud-platform","https://www.googleapis.com/auth/cloudplatformprojects.readonly","https://www.googleapis.com/auth/firebase","openid"]
[debug] [2021-07-14T17:21:29.058Z] >>> HTTP REQUEST POST https://www.googleapis.com/oauth2/v3/token  
 <request body omitted>
[debug] [2021-07-14T17:21:50.106Z] [iam] error while checking permissions, command may fail: FirebaseError: Authentication Error: Your credentials are no longer valid. Please run firebase login --reauth

For CI servers and headless environments, generate a new token with firebase login:ci
[debug] [2021-07-14T17:21:50.107Z] >>> [apiv2][query] GET https://firebase.googleapis.com/v1beta1/projects/todo-app-ea022 [none]
[debug] [2021-07-14T17:22:01.178Z] Failed to make request to https://firebase.googleapis.com/v1beta1/projects/todo-app-ea022
[debug] [2021-07-14T17:22:01.182Z] FirebaseError: Failed to make request to https://firebase.googleapis.com/v1beta1/projects/todo-app-ea022
    at Client.doRequest (C:\Users\HARSH\AppData\Roaming\npm\node_modules\firebase-tools\lib\apiv2.js:211:19)
    at processTicksAndRejections (internal/process/task_queues.js:95:5)
    at async Client.request (C:\Users\HARSH\AppData\Roaming\npm\node_modules\firebase-tools\lib\apiv2.js:96:20)
    at async Object.getFirebaseProject (C:\Users\HARSH\AppData\Roaming\npm\node_modules\firebase-tools\lib\management\projects.js:290:21)
    at async Object.getDefaultHostingSite (C:\Users\HARSH\AppData\Roaming\npm\node_modules\firebase-tools\lib\getDefaultHostingSite.js:8:21)
    at async requireHostingSite (C:\Users\HARSH\AppData\Roaming\npm\node_modules\firebase-tools\lib\requireHostingSite.js:9:18)
    at async Object.fn (C:\Users\HARSH\AppData\Roaming\npm\node_modules\firebase-tools\lib\commands\deploy.js:65:9)
    at async C:\Users\HARSH\AppData\Roaming\npm\node_modules\firebase-tools\lib\command.js:169:17
[error] 
[error] Error: Failed to get Firebase project todo-app-ea022. Please make sure the project exists and your account has permission to access it.
[debug] [2021-07-14T17:22:18.995Z] ----------------------------------------------------------------------
[debug] [2021-07-14T17:22:18.997Z] Command:       D:\web development\node.js for SASS\NODEJS\node.exe C:\Users\HARSH\AppData\Roaming\npm\node_modules\firebase-tools\lib\bin\firebase.js deploy
[debug] [2021-07-14T17:22:18.997Z] CLI Version:   9.16.0
[debug] [2021-07-14T17:22:18.997Z] Platform:      win32
[debug] [2021-07-14T17:22:18.997Z] Node Version:  v14.17.0
[debug] [2021-07-14T17:22:18.999Z] Time:          Wed Jul 14 2021 22:52:18 GMT+0530 (India Standard Time)
[debug] [2021-07-14T17:22:18.999Z] ----------------------------------------------------------------------
[debug] 
[debug] [2021-07-14T17:22:19.052Z] > command requires scopes: ["email","openid","https://www.googleapis.com/auth/cloudplatformprojects.readonly","https://www.googleapis.com/auth/firebase","https://www.googleapis.com/auth/cloud-platform"]
[debug] [2021-07-14T17:22:19.052Z] > authorizing via signed-in user (harshsharmalappy@gmail.com)
[debug] [2021-07-14T17:22:19.052Z] [iam] checking project todo-app-ea022 for permissions ["firebase.projects.get","firebasehosting.sites.update"]
[debug] [2021-07-14T17:22:19.054Z] > refreshing access token with scopes: ["email","https://www.googleapis.com/auth/cloud-platform","https://www.googleapis.com/auth/cloudplatformprojects.readonly","https://www.googleapis.com/auth/firebase","openid"]
[debug] [2021-07-14T17:22:19.054Z] >>> HTTP REQUEST POST https://www.googleapis.com/oauth2/v3/token  
 <request body omitted>
[debug] [2021-07-14T17:22:19.071Z] [iam] error while checking permissions, command may fail: FirebaseError: Authentication Error: Your credentials are no longer valid. Please run firebase login --reauth

For CI servers and headless environments, generate a new token with firebase login:ci
[debug] [2021-07-14T17:22:19.073Z] >>> [apiv2][query] GET https://firebase.googleapis.com/v1beta1/projects/todo-app-ea022 [none]
[debug] [2021-07-14T17:22:19.076Z] Failed to make request to https://firebase.googleapis.com/v1beta1/projects/todo-app-ea022
[debug] [2021-07-14T17:22:19.080Z] FirebaseError: Failed to make request to https://firebase.googleapis.com/v1beta1/projects/todo-app-ea022
    at Client.doRequest (C:\Users\HARSH\AppData\Roaming\npm\node_modules\firebase-tools\lib\apiv2.js:211:19)
    at processTicksAndRejections (internal/process/task_queues.js:95:5)
    at async Client.request (C:\Users\HARSH\AppData\Roaming\npm\node_modules\firebase-tools\lib\apiv2.js:96:20)
    at async Object.getFirebaseProject (C:\Users\HARSH\AppData\Roaming\npm\node_modules\firebase-tools\lib\management\projects.js:290:21)
    at async Object.getDefaultHostingSite (C:\Users\HARSH\AppData\Roaming\npm\node_modules\firebase-tools\lib\getDefaultHostingSite.js:8:21)
    at async requireHostingSite (C:\Users\HARSH\AppData\Roaming\npm\node_modules\firebase-tools\lib\requireHostingSite.js:9:18)
    at async Object.fn (C:\Users\HARSH\AppData\Roaming\npm\node_modules\firebase-tools\lib\commands\deploy.js:65:9)
    at async C:\Users\HARSH\AppData\Roaming\npm\node_modules\firebase-tools\lib\command.js:169:17
[error] 
[error] Error: Failed to get Firebase project todo-app-ea022. Please make sure the project exists and your account has permission to access it.
